<?xml version="1.0" encoding="UTF-8"?>
<!-- Generated by org.testng.reporters.JUnitReportReporter -->
<testsuite hostname="DESKTOP-G61C56A" failures="0" tests="1" name="inheritance1" time="0.011" errors="0" timestamp="2025-05-19T20:43:53 IST" skipped="0">
  <testcase classname="inheritance1" name="testRun" time="0.011"/>
</testsuite> <!-- inheritance1 -->
